{"total": {"lines":{"total":44,"covered":44,"skipped":0,"pct":100},"statements":{"total":44,"covered":44,"skipped":0,"pct":100},"functions":{"total":4,"covered":4,"skipped":0,"pct":100},"branches":{"total":12,"covered":12,"skipped":0,"pct":100}}
,"/Volumes/Storage/workspace/nodejs/nodejs-utils/utils/ArrayUtils.js": {"lines":{"total":44,"covered":44,"skipped":0,"pct":100},"functions":{"total":4,"covered":4,"skipped":0,"pct":100},"statements":{"total":44,"covered":44,"skipped":0,"pct":100},"branches":{"total":12,"covered":12,"skipped":0,"pct":100}}
}
