{"total": {"lines":{"total":67,"covered":65,"skipped":0,"pct":97.01},"statements":{"total":67,"covered":65,"skipped":0,"pct":97.01},"functions":{"total":8,"covered":7,"skipped":0,"pct":87.5},"branches":{"total":15,"covered":15,"skipped":0,"pct":100}}
,"/Users/andersonnoguez/workspace/ngz/nodejs-utils/src/utils/ArrayUtils.js": {"lines":{"total":44,"covered":44,"skipped":0,"pct":100},"functions":{"total":4,"covered":4,"skipped":0,"pct":100},"statements":{"total":44,"covered":44,"skipped":0,"pct":100},"branches":{"total":12,"covered":12,"skipped":0,"pct":100}}
,"/Users/andersonnoguez/workspace/ngz/nodejs-utils/src/utils/File.js": {"lines":{"total":23,"covered":21,"skipped":0,"pct":91.3},"functions":{"total":4,"covered":3,"skipped":0,"pct":75},"statements":{"total":23,"covered":21,"skipped":0,"pct":91.3},"branches":{"total":3,"covered":3,"skipped":0,"pct":100}}
}
