TN:
SF:src/utils/ArrayUtils.js
FN:1,chunkArrayLoop
FN:14,chunkArraySplice
FN:23,chunkArraySlice
FN:32,chunkArrayRecursive
FNF:4
FNH:4
FNDA:1,chunkArrayLoop
FNDA:1,chunkArraySplice
FNDA:1,chunkArraySlice
FNDA:28,chunkArrayRecursive
DA:1,1
DA:2,1
DA:3,1
DA:4,13
DA:5,13
DA:6,3
DA:7,13
DA:8,10
DA:9,10
DA:10,13
DA:11,1
DA:12,1
DA:13,1
DA:14,1
DA:15,1
DA:16,1
DA:17,1
DA:18,3
DA:19,3
DA:20,1
DA:21,1
DA:22,1
DA:23,1
DA:24,1
DA:25,1
DA:26,3
DA:27,3
DA:28,3
DA:29,1
DA:30,1
DA:31,1
DA:32,1
DA:33,28
DA:34,2
DA:35,2
DA:36,26
DA:37,26
DA:38,1
DA:39,1
DA:40,1
DA:41,1
DA:42,1
DA:43,1
DA:44,1
LF:44
LH:44
BRDA:1,0,0,1
BRDA:3,1,0,13
BRDA:5,2,0,12
BRDA:5,3,0,3
BRDA:7,4,0,10
BRDA:14,5,0,1
BRDA:17,6,0,3
BRDA:23,7,0,1
BRDA:25,8,0,3
BRDA:32,9,0,28
BRDA:33,10,0,2
BRDA:36,11,0,26
BRF:12
BRH:12
end_of_record
